mode: set
subscription-service/cmd/web/handlers.go:17.69,20.2 1 1
subscription-service/cmd/web/handlers.go:22.70,24.2 1 1
subscription-service/cmd/web/handlers.go:26.74,31.16 3 1
subscription-service/cmd/web/handlers.go:31.16,33.3 1 0
subscription-service/cmd/web/handlers.go:35.2,41.16 4 1
subscription-service/cmd/web/handlers.go:41.16,46.3 4 0
subscription-service/cmd/web/handlers.go:50.2,51.16 2 1
subscription-service/cmd/web/handlers.go:51.16,56.3 4 0
subscription-service/cmd/web/handlers.go:57.2,57.20 1 1
subscription-service/cmd/web/handlers.go:57.20,68.3 6 0
subscription-service/cmd/web/handlers.go:71.2,76.47 4 1
subscription-service/cmd/web/handlers.go:79.67,84.2 3 1
subscription-service/cmd/web/handlers.go:86.73,88.2 1 0
subscription-service/cmd/web/handlers.go:90.77,92.16 2 0
subscription-service/cmd/web/handlers.go:92.16,94.3 1 0
subscription-service/cmd/web/handlers.go:97.2,107.16 3 0
subscription-service/cmd/web/handlers.go:107.16,112.3 4 0
subscription-service/cmd/web/handlers.go:115.2,128.49 7 0
subscription-service/cmd/web/handlers.go:132.76,137.11 4 0
subscription-service/cmd/web/handlers.go:137.11,141.3 3 0
subscription-service/cmd/web/handlers.go:144.2,145.15 2 0
subscription-service/cmd/web/handlers.go:145.15,149.3 3 0
subscription-service/cmd/web/handlers.go:150.2,152.15 3 0
subscription-service/cmd/web/handlers.go:152.15,156.3 3 0
subscription-service/cmd/web/handlers.go:158.2,159.49 2 0
subscription-service/cmd/web/handlers.go:164.76,168.16 3 0
subscription-service/cmd/web/handlers.go:168.16,170.3 1 0
subscription-service/cmd/web/handlers.go:171.2,175.16 3 0
subscription-service/cmd/web/handlers.go:175.16,179.3 3 0
subscription-service/cmd/web/handlers.go:182.2,183.9 2 0
subscription-service/cmd/web/handlers.go:183.9,187.3 3 0
subscription-service/cmd/web/handlers.go:190.2,191.16 2 0
subscription-service/cmd/web/handlers.go:191.16,195.3 3 0
subscription-service/cmd/web/handlers.go:198.2,199.16 2 0
subscription-service/cmd/web/handlers.go:199.16,203.3 3 0
subscription-service/cmd/web/handlers.go:204.2,209.12 3 0
subscription-service/cmd/web/handlers.go:209.12,213.17 3 0
subscription-service/cmd/web/handlers.go:213.17,215.4 1 0
subscription-service/cmd/web/handlers.go:216.3,222.21 2 0
subscription-service/cmd/web/handlers.go:226.2,227.14 2 0
subscription-service/cmd/web/handlers.go:227.14,232.17 4 0
subscription-service/cmd/web/handlers.go:232.17,235.4 2 0
subscription-service/cmd/web/handlers.go:236.3,247.51 3 0
subscription-service/cmd/web/handlers.go:250.2,251.59 2 0
subscription-service/cmd/web/handlers.go:254.78,275.2 14 0
subscription-service/cmd/web/handlers.go:277.77,282.2 3 0
subscription-service/cmd/web/handlers.go:284.79,289.16 2 0
subscription-service/cmd/web/handlers.go:289.16,292.3 2 0
subscription-service/cmd/web/handlers.go:293.2,298.4 3 0
subscription-service/cmd/web/helpers.go:3.43,6.2 2 0
subscription-service/cmd/web/mailer.go:42.36,43.6 1 0
subscription-service/cmd/web/mailer.go:43.6,44.10 1 0
subscription-service/cmd/web/mailer.go:45.39,46.53 1 0
subscription-service/cmd/web/mailer.go:47.38,48.29 1 0
subscription-service/cmd/web/mailer.go:49.30,50.10 1 0
subscription-service/cmd/web/mailer.go:56.60,59.24 2 0
subscription-service/cmd/web/mailer.go:59.24,61.3 1 0
subscription-service/cmd/web/mailer.go:62.2,62.20 1 0
subscription-service/cmd/web/mailer.go:62.20,64.3 1 0
subscription-service/cmd/web/mailer.go:65.2,65.24 1 0
subscription-service/cmd/web/mailer.go:65.24,67.3 1 0
subscription-service/cmd/web/mailer.go:68.2,68.30 1 0
subscription-service/cmd/web/mailer.go:68.30,70.3 1 0
subscription-service/cmd/web/mailer.go:71.2,71.27 1 0
subscription-service/cmd/web/mailer.go:71.27,73.3 1 0
subscription-service/cmd/web/mailer.go:74.2,78.16 3 0
subscription-service/cmd/web/mailer.go:78.16,80.3 1 0
subscription-service/cmd/web/mailer.go:83.2,84.16 2 0
subscription-service/cmd/web/mailer.go:84.16,86.3 1 0
subscription-service/cmd/web/mailer.go:88.2,99.16 11 0
subscription-service/cmd/web/mailer.go:99.16,101.3 1 0
subscription-service/cmd/web/mailer.go:102.2,108.30 5 0
subscription-service/cmd/web/mailer.go:108.30,109.37 1 0
subscription-service/cmd/web/mailer.go:109.37,111.4 1 0
subscription-service/cmd/web/mailer.go:114.2,114.32 1 0
subscription-service/cmd/web/mailer.go:114.32,115.45 1 0
subscription-service/cmd/web/mailer.go:115.45,117.4 1 0
subscription-service/cmd/web/mailer.go:120.2,121.16 2 0
subscription-service/cmd/web/mailer.go:121.16,123.3 1 0
subscription-service/cmd/web/mailer.go:126.62,129.16 3 0
subscription-service/cmd/web/mailer.go:129.16,131.3 1 0
subscription-service/cmd/web/mailer.go:133.2,134.68 2 0
subscription-service/cmd/web/mailer.go:134.68,136.3 1 0
subscription-service/cmd/web/mailer.go:138.2,140.16 3 0
subscription-service/cmd/web/mailer.go:140.16,142.3 1 0
subscription-service/cmd/web/mailer.go:143.2,143.30 1 0
subscription-service/cmd/web/mailer.go:147.52,154.16 3 0
subscription-service/cmd/web/mailer.go:154.16,156.3 1 0
subscription-service/cmd/web/mailer.go:157.2,158.16 2 0
subscription-service/cmd/web/mailer.go:158.16,160.3 1 0
subscription-service/cmd/web/mailer.go:161.2,161.18 1 0
subscription-service/cmd/web/mailer.go:164.67,167.16 3 0
subscription-service/cmd/web/mailer.go:167.16,169.3 1 0
subscription-service/cmd/web/mailer.go:171.2,172.68 2 0
subscription-service/cmd/web/mailer.go:172.68,174.3 1 0
subscription-service/cmd/web/mailer.go:176.2,178.16 3 0
subscription-service/cmd/web/mailer.go:178.16,180.3 1 0
subscription-service/cmd/web/mailer.go:181.2,181.30 1 0
subscription-service/cmd/web/mailer.go:184.56,185.11 1 0
subscription-service/cmd/web/mailer.go:186.13,187.33 1 0
subscription-service/cmd/web/mailer.go:188.13,189.31 1 0
subscription-service/cmd/web/mailer.go:190.14,191.29 1 0
subscription-service/cmd/web/mailer.go:192.10,193.33 1 0
subscription-service/cmd/web/main.go:26.13,32.16 4 0
subscription-service/cmd/web/main.go:32.16,35.3 2 0
subscription-service/cmd/web/main.go:37.2,76.13 12 0
subscription-service/cmd/web/main.go:79.38,80.6 1 0
subscription-service/cmd/web/main.go:80.6,81.10 1 0
subscription-service/cmd/web/main.go:82.32,83.29 1 0
subscription-service/cmd/web/main.go:84.29,85.10 1 0
subscription-service/cmd/web/main.go:90.28,98.16 4 0
subscription-service/cmd/web/main.go:98.16,100.3 1 0
subscription-service/cmd/web/main.go:103.23,105.17 2 0
subscription-service/cmd/web/main.go:105.17,107.3 1 0
subscription-service/cmd/web/main.go:108.2,108.13 1 0
subscription-service/cmd/web/main.go:111.28,115.10 3 0
subscription-service/cmd/web/main.go:115.10,117.3 1 0
subscription-service/cmd/web/main.go:120.2,121.6 2 0
subscription-service/cmd/web/main.go:121.6,123.17 2 0
subscription-service/cmd/web/main.go:123.17,125.4 1 0
subscription-service/cmd/web/main.go:125.9,128.4 2 0
subscription-service/cmd/web/main.go:129.3,129.18 1 0
subscription-service/cmd/web/main.go:129.18,131.4 1 0
subscription-service/cmd/web/main.go:133.3,136.11 4 0
subscription-service/cmd/web/main.go:140.42,142.16 2 0
subscription-service/cmd/web/main.go:142.16,144.3 1 0
subscription-service/cmd/web/main.go:146.2,147.16 2 0
subscription-service/cmd/web/main.go:147.16,149.3 1 0
subscription-service/cmd/web/main.go:150.2,150.16 1 0
subscription-service/cmd/web/main.go:153.40,165.2 8 0
subscription-service/cmd/web/main.go:167.30,170.36 1 0
subscription-service/cmd/web/main.go:170.36,172.4 1 0
subscription-service/cmd/web/main.go:174.2,174.18 1 0
subscription-service/cmd/web/main.go:178.40,184.2 5 0
subscription-service/cmd/web/main.go:186.31,203.2 11 0
subscription-service/cmd/web/main.go:205.38,224.2 5 0
subscription-service/cmd/web/middleware.go:5.64,7.2 1 1
subscription-service/cmd/web/middleware.go:9.57,10.73 1 1
subscription-service/cmd/web/middleware.go:10.73,11.49 1 0
subscription-service/cmd/web/middleware.go:11.49,15.4 3 0
subscription-service/cmd/web/middleware.go:16.3,16.22 1 0
subscription-service/cmd/web/render.go:26.95,38.29 4 1
subscription-service/cmd/web/render.go:38.29,40.3 1 1
subscription-service/cmd/web/render.go:41.2,41.15 1 1
subscription-service/cmd/web/render.go:41.15,43.3 1 1
subscription-service/cmd/web/render.go:45.2,46.16 2 1
subscription-service/cmd/web/render.go:46.16,50.3 3 0
subscription-service/cmd/web/render.go:51.2,51.67 1 1
subscription-service/cmd/web/render.go:51.67,55.3 3 0
subscription-service/cmd/web/render.go:57.84,61.28 4 1
subscription-service/cmd/web/render.go:61.28,64.10 3 0
subscription-service/cmd/web/render.go:64.10,66.4 1 0
subscription-service/cmd/web/render.go:66.9,68.4 1 0
subscription-service/cmd/web/render.go:70.2,71.11 2 1
subscription-service/cmd/web/render.go:74.58,76.2 1 1
subscription-service/cmd/web/routes.go:10.42,30.2 12 1
subscription-service/cmd/web/routes.go:32.46,38.2 5 1
subscription-service/cmd/web/signer.go:15.21,17.2 1 0
subscription-service/cmd/web/signer.go:20.50,24.33 3 0
subscription-service/cmd/web/signer.go:24.33,26.3 1 0
subscription-service/cmd/web/signer.go:26.8,28.3 1 0
subscription-service/cmd/web/signer.go:30.2,33.14 3 0
subscription-service/cmd/web/signer.go:37.37,41.16 3 0
subscription-service/cmd/web/signer.go:41.16,45.3 1 0
subscription-service/cmd/web/signer.go:47.2,47.13 1 0
subscription-service/cmd/web/signer.go:52.57,58.2 3 0
